-------------------------------------------------------------------------------
Test set: com.parkit.parkingsystem.FareCalculatorServiceTest
-------------------------------------------------------------------------------
Tests run: 11, Failures: 2, Errors: 0, Skipped: 0, Time elapsed: 0.109 s <<< FAILURE! - in com.parkit.parkingsystem.FareCalculatorServiceTest
calculateFareBikeWithLessThan30minutesParkingTime  Time elapsed: 0.023 s  <<< FAILURE!
org.opentest4j.AssertionFailedError: expected: <0.0> but was: <0.5>
	at com.parkit.parkingsystem.FareCalculatorServiceTest.calculateFareBikeWithLessThan30minutesParkingTime(FareCalculatorServiceTest.java:164)

calculateFareCarWithLessThan30minutesParkingTime  Time elapsed: 0 s  <<< FAILURE!
org.opentest4j.AssertionFailedError: expected: <0.0> but was: <0.75>
	at com.parkit.parkingsystem.FareCalculatorServiceTest.calculateFareCarWithLessThan30minutesParkingTime(FareCalculatorServiceTest.java:150)

